This is pdfTeX, Version 3.14159265-2.6-1.40.18 (TeX Live 2017/Debian) (preloaded format=pdflatex 2018.5.11)  27 JUN 2018 01:21
entering extended mode
 \write18 enabled.
 file:line:error style messages enabled.
 %&-line parsing enabled.
**./Project_on_Machine_Learning.tex
(./Project_on_Machine_Learning.tex
LaTeX2e <2017-04-15>
Babel <3.18> and hyphenation patterns for 57 language(s) loaded.
(/usr/share/texlive/texmf-dist/tex/latex/base/article.cls
Document Class: article 2014/09/29 v1.4h Standard LaTeX document class
(/usr/share/texlive/texmf-dist/tex/latex/base/size11.clo
File: size11.clo 2014/09/29 v1.4h Standard LaTeX file (size option)
)
\c@part=\count79
\c@section=\count80
\c@subsection=\count81
\c@subsubsection=\count82
\c@paragraph=\count83
\c@subparagraph=\count84
\c@figure=\count85
\c@table=\count86
\abovecaptionskip=\skip41
\belowcaptionskip=\skip42
\bibindent=\dimen102
)
(/usr/share/texlive/texmf-dist/tex/latex/base/fontenc.sty
Package: fontenc 2017/04/05 v2.0i Standard LaTeX package

(/usr/share/texlive/texmf-dist/tex/latex/base/t1enc.def
File: t1enc.def 2017/04/05 v2.0i Standard LaTeX file
LaTeX Font Info:    Redeclaring font encoding T1 on input line 48.
))
(/usr/share/texlive/texmf-dist/tex/latex/psnfss/mathpazo.sty
Package: mathpazo 2005/04/12 PSNFSS-v9.2a Palatino w/ Pazo Math (D.Puga, WaS) 
\symupright=\mathgroup4
)
(/usr/share/texlive/texmf-dist/tex/latex/graphics/graphicx.sty
Package: graphicx 2017/06/01 v1.1a Enhanced LaTeX Graphics (DPC,SPQR)

(/usr/share/texlive/texmf-dist/tex/latex/graphics/keyval.sty
Package: keyval 2014/10/28 v1.15 key=value parser (DPC)
\KV@toks@=\toks14
)
(/usr/share/texlive/texmf-dist/tex/latex/graphics/graphics.sty
Package: graphics 2017/06/25 v1.2c Standard LaTeX Graphics (DPC,SPQR)

(/usr/share/texlive/texmf-dist/tex/latex/graphics/trig.sty
Package: trig 2016/01/03 v1.10 sin cos tan (DPC)
)
(/usr/share/texlive/texmf-dist/tex/latex/graphics-cfg/graphics.cfg
File: graphics.cfg 2016/06/04 v1.11 sample graphics configuration
)
Package graphics Info: Driver file: pdftex.def on input line 99.

(/usr/share/texlive/texmf-dist/tex/latex/graphics-def/pdftex.def
File: pdftex.def 2018/01/08 v1.0l Graphics/color driver for pdftex
))
\Gin@req@height=\dimen103
\Gin@req@width=\dimen104
)
(/usr/share/texlive/texmf-dist/tex/latex/caption/caption.sty
Package: caption 2016/02/21 v3.3-144 Customizing captions (AR)

(/usr/share/texlive/texmf-dist/tex/latex/caption/caption3.sty
Package: caption3 2016/05/22 v1.7-166 caption3 kernel (AR)
Package caption3 Info: TeX engine: e-TeX on input line 67.
\captionmargin=\dimen105
\captionmargin@=\dimen106
\captionwidth=\dimen107
\caption@tempdima=\dimen108
\caption@indent=\dimen109
\caption@parindent=\dimen110
\caption@hangindent=\dimen111
)
\c@ContinuedFloat=\count87
)
(/usr/share/texlive/texmf-dist/tex/latex/adjustbox/adjustbox.sty
Package: adjustbox 2012/05/21 v1.0 Adjusting TeX boxes (trim, clip, ...)

(/usr/share/texlive/texmf-dist/tex/latex/xkeyval/xkeyval.sty
Package: xkeyval 2014/12/03 v2.7a package option processing (HA)

(/usr/share/texlive/texmf-dist/tex/generic/xkeyval/xkeyval.tex
(/usr/share/texlive/texmf-dist/tex/generic/xkeyval/xkvutils.tex
\XKV@toks=\toks15
\XKV@tempa@toks=\toks16
)
\XKV@depth=\count88
File: xkeyval.tex 2014/12/03 v2.7a key=value parser (HA)
))
(/usr/share/texlive/texmf-dist/tex/latex/adjustbox/adjcalc.sty
Package: adjcalc 2012/05/16 v1.1 Provides advanced setlength with multiple back
-ends (calc, etex, pgfmath)
)
(/usr/share/texlive/texmf-dist/tex/latex/adjustbox/trimclip.sty
Package: trimclip 2012/05/16 v1.0 Trim and clip general TeX material

(/usr/share/texlive/texmf-dist/tex/latex/collectbox/collectbox.sty
Package: collectbox 2012/05/17 v0.4b Collect macro arguments as boxes
\collectedbox=\box26
)
\tc@llx=\dimen112
\tc@lly=\dimen113
\tc@urx=\dimen114
\tc@ury=\dimen115
Package trimclip Info: Using driver 'tc-pdftex.def'.

(/usr/share/texlive/texmf-dist/tex/latex/adjustbox/tc-pdftex.def
File: tc-pdftex.def 2012/05/13 v1.0 Clipping driver for pdftex
))
\adjbox@Width=\dimen116
\adjbox@Height=\dimen117
\adjbox@Depth=\dimen118
\adjbox@Totalheight=\dimen119

(/usr/share/texlive/texmf-dist/tex/latex/ifoddpage/ifoddpage.sty
Package: ifoddpage 2016/04/23 v1.1 Conditionals for odd/even page detection
\c@checkoddpage=\count89
)
(/usr/share/texlive/texmf-dist/tex/latex/varwidth/varwidth.sty
Package: varwidth 2009/03/30 ver 0.92;  Variable-width minipages
\@vwid@box=\box27
\sift@deathcycles=\count90
\@vwid@loff=\dimen120
\@vwid@roff=\dimen121
))
(/usr/share/texlive/texmf-dist/tex/latex/xcolor/xcolor.sty
Package: xcolor 2016/05/11 v2.12 LaTeX color extensions (UK)

(/usr/share/texlive/texmf-dist/tex/latex/graphics-cfg/color.cfg
File: color.cfg 2016/01/02 v1.6 sample color configuration
)
Package xcolor Info: Driver file: pdftex.def on input line 225.
Package xcolor Info: Model `cmy' substituted by `cmy0' on input line 1348.
Package xcolor Info: Model `hsb' substituted by `rgb' on input line 1352.
Package xcolor Info: Model `RGB' extended on input line 1364.
Package xcolor Info: Model `HTML' substituted by `rgb' on input line 1366.
Package xcolor Info: Model `Hsb' substituted by `hsb' on input line 1367.
Package xcolor Info: Model `tHsb' substituted by `hsb' on input line 1368.
Package xcolor Info: Model `HSB' substituted by `hsb' on input line 1369.
Package xcolor Info: Model `Gray' substituted by `gray' on input line 1370.
Package xcolor Info: Model `wave' substituted by `hsb' on input line 1371.
)
(/usr/share/texlive/texmf-dist/tex/latex/tools/enumerate.sty
Package: enumerate 2015/07/23 v3.00 enumerate extensions (DPC)
\@enLab=\toks17
)
(/usr/share/texlive/texmf-dist/tex/latex/geometry/geometry.sty
Package: geometry 2010/09/12 v5.6 Page Geometry

(/usr/share/texlive/texmf-dist/tex/generic/oberdiek/ifpdf.sty
Package: ifpdf 2017/03/15 v3.2 Provides the ifpdf switch
)
(/usr/share/texlive/texmf-dist/tex/generic/oberdiek/ifvtex.sty
Package: ifvtex 2016/05/16 v1.6 Detect VTeX and its facilities (HO)
Package ifvtex Info: VTeX not detected.
)
(/usr/share/texlive/texmf-dist/tex/generic/ifxetex/ifxetex.sty
Package: ifxetex 2010/09/12 v0.6 Provides ifxetex conditional
)
\Gm@cnth=\count91
\Gm@cntv=\count92
\c@Gm@tempcnt=\count93
\Gm@bindingoffset=\dimen122
\Gm@wd@mp=\dimen123
\Gm@odd@mp=\dimen124
\Gm@even@mp=\dimen125
\Gm@layoutwidth=\dimen126
\Gm@layoutheight=\dimen127
\Gm@layouthoffset=\dimen128
\Gm@layoutvoffset=\dimen129
\Gm@dimlist=\toks18
)
(/usr/share/texlive/texmf-dist/tex/latex/amsmath/amsmath.sty
Package: amsmath 2017/09/02 v2.17a AMS math features
\@mathmargin=\skip43

For additional information on amsmath, use the `?' option.
(/usr/share/texlive/texmf-dist/tex/latex/amsmath/amstext.sty
Package: amstext 2000/06/29 v2.01 AMS text

(/usr/share/texlive/texmf-dist/tex/latex/amsmath/amsgen.sty
File: amsgen.sty 1999/11/30 v2.0 generic functions
\@emptytoks=\toks19
\ex@=\dimen130
))
(/usr/share/texlive/texmf-dist/tex/latex/amsmath/amsbsy.sty
Package: amsbsy 1999/11/29 v1.2d Bold Symbols
\pmbraise@=\dimen131
)
(/usr/share/texlive/texmf-dist/tex/latex/amsmath/amsopn.sty
Package: amsopn 2016/03/08 v2.02 operator names
)
\inf@bad=\count94
LaTeX Info: Redefining \frac on input line 213.
\uproot@=\count95
\leftroot@=\count96
LaTeX Info: Redefining \overline on input line 375.
\classnum@=\count97
\DOTSCASE@=\count98
LaTeX Info: Redefining \ldots on input line 472.
LaTeX Info: Redefining \dots on input line 475.
LaTeX Info: Redefining \cdots on input line 596.
\Mathstrutbox@=\box28
\strutbox@=\box29
\big@size=\dimen132
LaTeX Font Info:    Redeclaring font encoding OML on input line 712.
LaTeX Font Info:    Redeclaring font encoding OMS on input line 713.
\macc@depth=\count99
\c@MaxMatrixCols=\count100
\dotsspace@=\muskip10
\c@parentequation=\count101
\dspbrk@lvl=\count102
\tag@help=\toks20
\row@=\count103
\column@=\count104
\maxfields@=\count105
\andhelp@=\toks21
\eqnshift@=\dimen133
\alignsep@=\dimen134
\tagshift@=\dimen135
\tagwidth@=\dimen136
\totwidth@=\dimen137
\lineht@=\dimen138
\@envbody=\toks22
\multlinegap=\skip44
\multlinetaggap=\skip45
\mathdisplay@stack=\toks23
LaTeX Info: Redefining \[ on input line 2817.
LaTeX Info: Redefining \] on input line 2818.
)
(/usr/share/texlive/texmf-dist/tex/latex/amsfonts/amssymb.sty
Package: amssymb 2013/01/14 v3.01 AMS font symbols

(/usr/share/texlive/texmf-dist/tex/latex/amsfonts/amsfonts.sty
Package: amsfonts 2013/01/14 v3.01 Basic AMSFonts support
\symAMSa=\mathgroup5
\symAMSb=\mathgroup6
LaTeX Font Info:    Overwriting math alphabet `\mathfrak' in version `bold'
(Font)                  U/euf/m/n --> U/euf/b/n on input line 106.
))
(/usr/share/texlive/texmf-dist/tex/latex/base/textcomp.sty
Package: textcomp 2017/04/05 v2.0i Standard LaTeX package
Package textcomp Info: Sub-encoding information:
(textcomp)               5 = only ISO-Adobe without \textcurrency
(textcomp)               4 = 5 + \texteuro
(textcomp)               3 = 4 + \textohm
(textcomp)               2 = 3 + \textestimated + \textcurrency
(textcomp)               1 = TS1 - \textcircled - \t
(textcomp)               0 = TS1 (full)
(textcomp)             Font families with sub-encoding setting implement
(textcomp)             only a restricted character set as indicated.
(textcomp)             Family '?' is the default used for unknown fonts.
(textcomp)             See the documentation for details.
Package textcomp Info: Setting ? sub-encoding to TS1/1 on input line 79.

(/usr/share/texlive/texmf-dist/tex/latex/base/ts1enc.def
File: ts1enc.def 2001/06/05 v3.0e (jk/car/fm) Standard LaTeX file
)
LaTeX Info: Redefining \oldstylenums on input line 334.
Package textcomp Info: Setting cmr sub-encoding to TS1/0 on input line 349.
Package textcomp Info: Setting cmss sub-encoding to TS1/0 on input line 350.
Package textcomp Info: Setting cmtt sub-encoding to TS1/0 on input line 351.
Package textcomp Info: Setting cmvtt sub-encoding to TS1/0 on input line 352.
Package textcomp Info: Setting cmbr sub-encoding to TS1/0 on input line 353.
Package textcomp Info: Setting cmtl sub-encoding to TS1/0 on input line 354.
Package textcomp Info: Setting ccr sub-encoding to TS1/0 on input line 355.
Package textcomp Info: Setting ptm sub-encoding to TS1/4 on input line 356.
Package textcomp Info: Setting pcr sub-encoding to TS1/4 on input line 357.
Package textcomp Info: Setting phv sub-encoding to TS1/4 on input line 358.
Package textcomp Info: Setting ppl sub-encoding to TS1/3 on input line 359.
Package textcomp Info: Setting pag sub-encoding to TS1/4 on input line 360.
Package textcomp Info: Setting pbk sub-encoding to TS1/4 on input line 361.
Package textcomp Info: Setting pnc sub-encoding to TS1/4 on input line 362.
Package textcomp Info: Setting pzc sub-encoding to TS1/4 on input line 363.
Package textcomp Info: Setting bch sub-encoding to TS1/4 on input line 364.
Package textcomp Info: Setting put sub-encoding to TS1/5 on input line 365.
Package textcomp Info: Setting uag sub-encoding to TS1/5 on input line 366.
Package textcomp Info: Setting ugq sub-encoding to TS1/5 on input line 367.
Package textcomp Info: Setting ul8 sub-encoding to TS1/4 on input line 368.
Package textcomp Info: Setting ul9 sub-encoding to TS1/4 on input line 369.
Package textcomp Info: Setting augie sub-encoding to TS1/5 on input line 370.
Package textcomp Info: Setting dayrom sub-encoding to TS1/3 on input line 371.
Package textcomp Info: Setting dayroms sub-encoding to TS1/3 on input line 372.

Package textcomp Info: Setting pxr sub-encoding to TS1/0 on input line 373.
Package textcomp Info: Setting pxss sub-encoding to TS1/0 on input line 374.
Package textcomp Info: Setting pxtt sub-encoding to TS1/0 on input line 375.
Package textcomp Info: Setting txr sub-encoding to TS1/0 on input line 376.
Package textcomp Info: Setting txss sub-encoding to TS1/0 on input line 377.
Package textcomp Info: Setting txtt sub-encoding to TS1/0 on input line 378.
Package textcomp Info: Setting lmr sub-encoding to TS1/0 on input line 379.
Package textcomp Info: Setting lmdh sub-encoding to TS1/0 on input line 380.
Package textcomp Info: Setting lmss sub-encoding to TS1/0 on input line 381.
Package textcomp Info: Setting lmssq sub-encoding to TS1/0 on input line 382.
Package textcomp Info: Setting lmvtt sub-encoding to TS1/0 on input line 383.
Package textcomp Info: Setting lmtt sub-encoding to TS1/0 on input line 384.
Package textcomp Info: Setting qhv sub-encoding to TS1/0 on input line 385.
Package textcomp Info: Setting qag sub-encoding to TS1/0 on input line 386.
Package textcomp Info: Setting qbk sub-encoding to TS1/0 on input line 387.
Package textcomp Info: Setting qcr sub-encoding to TS1/0 on input line 388.
Package textcomp Info: Setting qcs sub-encoding to TS1/0 on input line 389.
Package textcomp Info: Setting qpl sub-encoding to TS1/0 on input line 390.
Package textcomp Info: Setting qtm sub-encoding to TS1/0 on input line 391.
Package textcomp Info: Setting qzc sub-encoding to TS1/0 on input line 392.
Package textcomp Info: Setting qhvc sub-encoding to TS1/0 on input line 393.
Package textcomp Info: Setting futs sub-encoding to TS1/4 on input line 394.
Package textcomp Info: Setting futx sub-encoding to TS1/4 on input line 395.
Package textcomp Info: Setting futj sub-encoding to TS1/4 on input line 396.
Package textcomp Info: Setting hlh sub-encoding to TS1/3 on input line 397.
Package textcomp Info: Setting hls sub-encoding to TS1/3 on input line 398.
Package textcomp Info: Setting hlst sub-encoding to TS1/3 on input line 399.
Package textcomp Info: Setting hlct sub-encoding to TS1/5 on input line 400.
Package textcomp Info: Setting hlx sub-encoding to TS1/5 on input line 401.
Package textcomp Info: Setting hlce sub-encoding to TS1/5 on input line 402.
Package textcomp Info: Setting hlcn sub-encoding to TS1/5 on input line 403.
Package textcomp Info: Setting hlcw sub-encoding to TS1/5 on input line 404.
Package textcomp Info: Setting hlcf sub-encoding to TS1/5 on input line 405.
Package textcomp Info: Setting pplx sub-encoding to TS1/3 on input line 406.
Package textcomp Info: Setting pplj sub-encoding to TS1/3 on input line 407.
Package textcomp Info: Setting ptmx sub-encoding to TS1/4 on input line 408.
Package textcomp Info: Setting ptmj sub-encoding to TS1/4 on input line 409.
)
(/usr/share/texlive/texmf-dist/tex/latex/upquote/upquote.sty
Package: upquote 2012/04/19 v1.3 upright-quote and grave-accent glyphs in verba
tim
)
(/usr/share/texlive/texmf-dist/tex/latex/eurosym/eurosym.sty
Package: eurosym 1998/08/06 v1.1 European currency symbol ``Euro''
\@eurobox=\box30
)
(/usr/share/texlive/texmf-dist/tex/latex/ucs/ucs.sty
Package: ucs 2013/05/11 v2.2 UCS: Unicode input support

(/usr/share/texlive/texmf-dist/tex/latex/ucs/data/uni-global.def
File: uni-global.def 2013/05/13 UCS: Unicode global data
)
\uc@secondtry=\count106
\uc@combtoks=\toks24
\uc@combtoksb=\toks25
\uc@temptokena=\toks26
)
(/usr/share/texlive/texmf-dist/tex/latex/base/inputenc.sty
Package: inputenc 2015/03/17 v1.2c Input encoding file
\inpenc@prehook=\toks27
\inpenc@posthook=\toks28

(/usr/share/texlive/texmf-dist/tex/latex/ucs/utf8x.def
File: utf8x.def 2004/10/17 UCS: Input encoding UTF-8
))
(/usr/share/texlive/texmf-dist/tex/latex/fancyvrb/fancyvrb.sty
Package: fancyvrb 2008/02/07

Style option: `fancyvrb' v2.7a, with DG/SPQR fixes, and firstline=lastline fix 
<2008/02/07> (tvz)
\FV@CodeLineNo=\count107
\FV@InFile=\read1
\FV@TabBox=\box31
\c@FancyVerbLine=\count108
\FV@StepNumber=\count109
\FV@OutFile=\write3
)
(/usr/share/texlive/texmf-dist/tex/latex/oberdiek/grffile.sty
Package: grffile 2017/06/30 v1.18 Extended file name support for graphics (HO)

(/usr/share/texlive/texmf-dist/tex/latex/oberdiek/kvoptions.sty
Package: kvoptions 2016/05/16 v3.12 Key value format for package options (HO)

(/usr/share/texlive/texmf-dist/tex/generic/oberdiek/ltxcmds.sty
Package: ltxcmds 2016/05/16 v1.23 LaTeX kernel commands for general use (HO)
)
(/usr/share/texlive/texmf-dist/tex/generic/oberdiek/kvsetkeys.sty
Package: kvsetkeys 2016/05/16 v1.17 Key value parser (HO)

(/usr/share/texlive/texmf-dist/tex/generic/oberdiek/infwarerr.sty
Package: infwarerr 2016/05/16 v1.4 Providing info/warning/error messages (HO)
)
(/usr/share/texlive/texmf-dist/tex/generic/oberdiek/etexcmds.sty
Package: etexcmds 2016/05/16 v1.6 Avoid name clashes with e-TeX commands (HO)

(/usr/share/texlive/texmf-dist/tex/generic/oberdiek/ifluatex.sty
Package: ifluatex 2016/05/16 v1.4 Provides the ifluatex switch (HO)
Package ifluatex Info: LuaTeX not detected.
)
Package etexcmds Info: Could not find \expanded.
(etexcmds)             That can mean that you are not using pdfTeX 1.50 or
(etexcmds)             that some package has redefined \expanded.
(etexcmds)             In the latter case, load this package earlier.
)))
(/usr/share/texlive/texmf-dist/tex/generic/oberdiek/pdftexcmds.sty
Package: pdftexcmds 2018/01/21 v0.26 Utility functions of pdfTeX for LuaTeX (HO
)
Package pdftexcmds Info: LuaTeX not detected.
Package pdftexcmds Info: \pdf@primitive is available.
Package pdftexcmds Info: \pdf@ifprimitive is available.
Package pdftexcmds Info: \pdfdraftmode found.
)
Package grffile Info: Option `multidot' is set to `true'.
Package grffile Info: Option `extendedchars' is set to `false'.
Package grffile Info: Option `space' is set to `true'.
Package grffile Info: \Gin@ii of package `graphicx' fixed on input line 494.
)
(/usr/share/texlive/texmf-dist/tex/latex/hyperref/hyperref.sty
Package: hyperref 2018/02/06 v6.86b Hypertext links for LaTeX

(/usr/share/texlive/texmf-dist/tex/generic/oberdiek/hobsub-hyperref.sty
Package: hobsub-hyperref 2016/05/16 v1.14 Bundle oberdiek, subset hyperref (HO)


(/usr/share/texlive/texmf-dist/tex/generic/oberdiek/hobsub-generic.sty
Package: hobsub-generic 2016/05/16 v1.14 Bundle oberdiek, subset generic (HO)
Package: hobsub 2016/05/16 v1.14 Construct package bundles (HO)
Package hobsub Info: Skipping package `infwarerr' (already loaded).
Package hobsub Info: Skipping package `ltxcmds' (already loaded).
Package hobsub Info: Skipping package `ifluatex' (already loaded).
Package hobsub Info: Skipping package `ifvtex' (already loaded).
Package: intcalc 2016/05/16 v1.2 Expandable calculations with integers (HO)
Package hobsub Info: Skipping package `ifpdf' (already loaded).
Package hobsub Info: Skipping package `etexcmds' (already loaded).
Package hobsub Info: Skipping package `kvsetkeys' (already loaded).
Package: kvdefinekeys 2016/05/16 v1.4 Define keys (HO)
Package hobsub Info: Skipping package `pdftexcmds' (already loaded).
Package: pdfescape 2016/05/16 v1.14 Implements pdfTeX's escape features (HO)
Package: bigintcalc 2016/05/16 v1.4 Expandable calculations on big integers (HO
)
Package: bitset 2016/05/16 v1.2 Handle bit-vector datatype (HO)
Package: uniquecounter 2016/05/16 v1.3 Provide unlimited unique counter (HO)
)
Package hobsub Info: Skipping package `hobsub' (already loaded).
Package: letltxmacro 2016/05/16 v1.5 Let assignment for LaTeX macros (HO)
Package: hopatch 2016/05/16 v1.3 Wrapper for package hooks (HO)
Package: xcolor-patch 2016/05/16 xcolor patch
Package: atveryend 2016/05/16 v1.9 Hooks at the very end of document (HO)
Package atveryend Info: \enddocument detected (standard20110627).
Package: atbegshi 2016/06/09 v1.18 At begin shipout hook (HO)
Package: refcount 2016/05/16 v3.5 Data extraction from label references (HO)
Package: hycolor 2016/05/16 v1.8 Color options for hyperref/bookmark (HO)
)
(/usr/share/texlive/texmf-dist/tex/latex/oberdiek/auxhook.sty
Package: auxhook 2016/05/16 v1.4 Hooks for auxiliary files (HO)
)
\@linkdim=\dimen139
\Hy@linkcounter=\count110
\Hy@pagecounter=\count111

(/usr/share/texlive/texmf-dist/tex/latex/hyperref/pd1enc.def
File: pd1enc.def 2018/02/06 v6.86b Hyperref: PDFDocEncoding definition (HO)
)
\Hy@SavedSpaceFactor=\count112

(/usr/share/texlive/texmf-dist/tex/latex/latexconfig/hyperref.cfg
File: hyperref.cfg 2002/06/06 v1.2 hyperref configuration of TeXLive
)
Package hyperref Info: Hyper figures OFF on input line 4509.
Package hyperref Info: Link nesting OFF on input line 4514.
Package hyperref Info: Hyper index ON on input line 4517.
Package hyperref Info: Plain pages OFF on input line 4524.
Package hyperref Info: Backreferencing OFF on input line 4529.
Package hyperref Info: Implicit mode ON; LaTeX internals redefined.
Package hyperref Info: Bookmarks ON on input line 4762.
\c@Hy@tempcnt=\count113

(/usr/share/texlive/texmf-dist/tex/latex/url/url.sty
\Urlmuskip=\muskip11
Package: url 2013/09/16  ver 3.4  Verb mode for urls, etc.
)
LaTeX Info: Redefining \url on input line 5115.
\XeTeXLinkMargin=\dimen140
\Fld@menulength=\count114
\Field@Width=\dimen141
\Fld@charsize=\dimen142
Package hyperref Info: Hyper figures OFF on input line 6369.
Package hyperref Info: Link nesting OFF on input line 6374.
Package hyperref Info: Hyper index ON on input line 6377.
Package hyperref Info: backreferencing OFF on input line 6384.
Package hyperref Info: Link coloring OFF on input line 6389.
Package hyperref Info: Link coloring with OCG OFF on input line 6394.
Package hyperref Info: PDF/A mode OFF on input line 6399.
LaTeX Info: Redefining \ref on input line 6439.
LaTeX Info: Redefining \pageref on input line 6443.
\Hy@abspage=\count115
\c@Item=\count116
\c@Hfootnote=\count117
)
Package hyperref Info: Driver (autodetected): hpdftex.

(/usr/share/texlive/texmf-dist/tex/latex/hyperref/hpdftex.def
File: hpdftex.def 2018/02/06 v6.86b Hyperref driver for pdfTeX
\Fld@listcount=\count118
\c@bookmark@seq@number=\count119

(/usr/share/texlive/texmf-dist/tex/latex/oberdiek/rerunfilecheck.sty
Package: rerunfilecheck 2016/05/16 v1.8 Rerun checks for auxiliary files (HO)
Package uniquecounter Info: New unique counter `rerunfilecheck' on input line 2
82.
)
\Hy@SectionHShift=\skip46
)
(/usr/share/texlive/texmf-dist/tex/latex/tools/longtable.sty
Package: longtable 2014/10/28 v4.11 Multi-page Table package (DPC)
\LTleft=\skip47
\LTright=\skip48
\LTpre=\skip49
\LTpost=\skip50
\LTchunksize=\count120
\LTcapwidth=\dimen143
\LT@head=\box32
\LT@firsthead=\box33
\LT@foot=\box34
\LT@lastfoot=\box35
\LT@cols=\count121
\LT@rows=\count122
\c@LT@tables=\count123
\c@LT@chunks=\count124
\LT@p@ftn=\toks29
)
(/usr/share/texlive/texmf-dist/tex/latex/booktabs/booktabs.sty
Package: booktabs 2016/04/27 v1.618033 publication quality tables
\heavyrulewidth=\dimen144
\lightrulewidth=\dimen145
\cmidrulewidth=\dimen146
\belowrulesep=\dimen147
\belowbottomsep=\dimen148
\aboverulesep=\dimen149
\abovetopsep=\dimen150
\cmidrulesep=\dimen151
\cmidrulekern=\dimen152
\defaultaddspace=\dimen153
\@cmidla=\count125
\@cmidlb=\count126
\@aboverulesep=\dimen154
\@belowrulesep=\dimen155
\@thisruleclass=\count127
\@lastruleclass=\count128
\@thisrulewidth=\dimen156
)
(/usr/share/texlive/texmf-dist/tex/latex/enumitem/enumitem.sty
Package: enumitem 2011/09/28 v3.5.2 Customized lists
\labelindent=\skip51
\enit@outerparindent=\dimen157
\enit@toks=\toks30
\enit@inbox=\box36
\enitdp@description=\count129
)
(/usr/share/texlive/texmf-dist/tex/generic/ulem/ulem.sty
\UL@box=\box37
\UL@hyphenbox=\box38
\UL@skip=\skip52
\UL@hook=\toks31
\UL@height=\dimen158
\UL@pe=\count130
\UL@pixel=\dimen159
\ULC@box=\box39
Package: ulem 2012/05/18
\ULdepth=\dimen160
)
Package hyperref Info: Option `breaklinks' set `true' on input line 253.
Package hyperref Info: Option `colorlinks' set `true' on input line 253.

(./Project_on_Machine_Learning.tex.aux

LaTeX Warning: Label `linear-regression' multiply defined.


LaTeX Warning: Label `linear-regression' multiply defined.


LaTeX Warning: Label `ridge-regression' multiply defined.


LaTeX Warning: Label `logistic-regression2' multiply defined.

)
\openout1 = `./Project_on_Machine_Learning.tex.aux'.

LaTeX Font Info:    Checking defaults for OML/cmm/m/it on input line 258.
LaTeX Font Info:    ... okay on input line 258.
LaTeX Font Info:    Checking defaults for T1/cmr/m/n on input line 258.
LaTeX Font Info:    ... okay on input line 258.
LaTeX Font Info:    Checking defaults for OT1/cmr/m/n on input line 258.
LaTeX Font Info:    ... okay on input line 258.
LaTeX Font Info:    Checking defaults for OMS/cmsy/m/n on input line 258.
LaTeX Font Info:    ... okay on input line 258.
LaTeX Font Info:    Checking defaults for OMX/cmex/m/n on input line 258.
LaTeX Font Info:    ... okay on input line 258.
LaTeX Font Info:    Checking defaults for U/cmr/m/n on input line 258.
LaTeX Font Info:    ... okay on input line 258.
LaTeX Font Info:    Checking defaults for TS1/cmr/m/n on input line 258.
LaTeX Font Info:    Try loading font information for TS1+cmr on input line 258.

 (/usr/share/texlive/texmf-dist/tex/latex/base/ts1cmr.fd
File: ts1cmr.fd 2014/09/29 v2.5h Standard LaTeX font definitions
)
LaTeX Font Info:    ... okay on input line 258.
LaTeX Font Info:    Checking defaults for PD1/pdf/m/n on input line 258.
LaTeX Font Info:    ... okay on input line 258.
LaTeX Font Info:    Try loading font information for T1+ppl on input line 258.

(/usr/share/texlive/texmf-dist/tex/latex/psnfss/t1ppl.fd
File: t1ppl.fd 2001/06/04 font definitions for T1/ppl.
)
(/usr/share/texlive/texmf-dist/tex/context/base/mkii/supp-pdf.mkii
[Loading MPS to PDF converter (version 2006.09.02).]
\scratchcounter=\count131
\scratchdimen=\dimen161
\scratchbox=\box40
\nofMPsegments=\count132
\nofMParguments=\count133
\everyMPshowfont=\toks32
\MPscratchCnt=\count134
\MPscratchDim=\dimen162
\MPnumerator=\count135
\makeMPintoPDFobject=\count136
\everyMPtoPDFconversion=\toks33
) (/usr/share/texlive/texmf-dist/tex/latex/oberdiek/epstopdf-base.sty
Package: epstopdf-base 2016/05/15 v2.6 Base part for package epstopdf

(/usr/share/texlive/texmf-dist/tex/latex/oberdiek/grfext.sty
Package: grfext 2016/05/16 v1.2 Manage graphics extensions (HO)
)
Package epstopdf-base Info: Redefining graphics rule for `.eps' on input line 4
38.
Package grfext Info: Graphics extension search list:
(grfext)             [.pdf,.png,.jpg,.mps,.jpeg,.jbig2,.jb2,.PDF,.PNG,.JPG,.JPE
G,.JBIG2,.JB2,.eps]
(grfext)             \AppendGraphicsExtensions on input line 456.

(/usr/share/texlive/texmf-dist/tex/latex/latexconfig/epstopdf-sys.cfg
File: epstopdf-sys.cfg 2010/07/13 v1.3 Configuration of (r)epstopdf for TeX Liv
e
))
Package caption Info: Begin \AtBeginDocument code.
Package caption Info: hyperref package is loaded.
Package caption Info: longtable package is loaded.

(/usr/share/texlive/texmf-dist/tex/latex/caption/ltcaption.sty
Package: ltcaption 2013/06/09 v1.4-94 longtable captions (AR)
)
Package caption Info: End \AtBeginDocument code.

*geometry* driver: auto-detecting
*geometry* detected driver: pdftex
*geometry* verbose mode - [ preamble ] result:
* driver: pdftex
* paper: <default>
* layout: <same size as paper>
* layoutoffset:(h,v)=(0.0pt,0.0pt)
* modes: 
* h-part:(L,W,R)=(72.26999pt, 469.75502pt, 72.26999pt)
* v-part:(T,H,B)=(72.26999pt, 650.43001pt, 72.26999pt)
* \paperwidth=614.295pt
* \paperheight=794.96999pt
* \textwidth=469.75502pt
* \textheight=650.43001pt
* \oddsidemargin=0.0pt
* \evensidemargin=0.0pt
* \topmargin=-37.0pt
* \headheight=12.0pt
* \headsep=25.0pt
* \topskip=11.0pt
* \footskip=30.0pt
* \marginparwidth=59.0pt
* \marginparsep=10.0pt
* \columnsep=10.0pt
* \skip\footins=10.0pt plus 4.0pt minus 2.0pt
* \hoffset=0.0pt
* \voffset=0.0pt
* \mag=1000
* \@twocolumnfalse
* \@twosidefalse
* \@mparswitchfalse
* \@reversemarginfalse
* (1in=72.27pt=25.4mm, 1cm=28.453pt)

(/usr/share/texlive/texmf-dist/tex/latex/ucs/ucsencs.def
File: ucsencs.def 2011/01/21 Fixes to fontencodings LGR, T3
)
\AtBeginShipoutBox=\box41
Package hyperref Info: Link coloring ON on input line 258.

(/usr/share/texlive/texmf-dist/tex/latex/hyperref/nameref.sty
Package: nameref 2016/05/21 v2.44 Cross-referencing by name of section

(/usr/share/texlive/texmf-dist/tex/generic/oberdiek/gettitlestring.sty
Package: gettitlestring 2016/05/16 v1.5 Cleanup title references (HO)
)
\c@section@level=\count137
)
LaTeX Info: Redefining \ref on input line 258.
LaTeX Info: Redefining \pageref on input line 258.
LaTeX Info: Redefining \nameref on input line 258.

(./Project_on_Machine_Learning.tex.out) (./Project_on_Machine_Learning.tex.out)
\@outlinefile=\write4
\openout4 = `./Project_on_Machine_Learning.tex.out'.

LaTeX Font Info:    Try loading font information for OT1+ppl on input line 261.

(/usr/share/texlive/texmf-dist/tex/latex/psnfss/ot1ppl.fd
File: ot1ppl.fd 2001/06/04 font definitions for OT1/ppl.
)
LaTeX Font Info:    Try loading font information for OML+zplm on input line 261
.

(/usr/share/texlive/texmf-dist/tex/latex/psnfss/omlzplm.fd
File: omlzplm.fd 2002/09/08 Fontinst v1.914 font definitions for OML/zplm.
)
LaTeX Font Info:    Try loading font information for OMS+zplm on input line 261
.

(/usr/share/texlive/texmf-dist/tex/latex/psnfss/omszplm.fd
File: omszplm.fd 2002/09/08 Fontinst v1.914 font definitions for OMS/zplm.
)
LaTeX Font Info:    Try loading font information for OMX+zplm on input line 261
.

(/usr/share/texlive/texmf-dist/tex/latex/psnfss/omxzplm.fd
File: omxzplm.fd 2002/09/08 Fontinst v1.914 font definitions for OMX/zplm.
)
LaTeX Font Info:    Try loading font information for OT1+zplm on input line 261
.

(/usr/share/texlive/texmf-dist/tex/latex/psnfss/ot1zplm.fd
File: ot1zplm.fd 2002/09/08 Fontinst v1.914 font definitions for OT1/zplm.
)
LaTeX Font Info:    Font shape `U/msa/m/n' will be
(Font)              scaled to size 12.50409pt on input line 261.
LaTeX Font Info:    Font shape `U/msa/m/n' will be
(Font)              scaled to size 9.37807pt on input line 261.
LaTeX Font Info:    Font shape `U/msa/m/n' will be
(Font)              scaled to size 7.29405pt on input line 261.
LaTeX Font Info:    Font shape `U/msb/m/n' will be
(Font)              scaled to size 12.50409pt on input line 261.
LaTeX Font Info:    Font shape `U/msb/m/n' will be
(Font)              scaled to size 9.37807pt on input line 261.
LaTeX Font Info:    Font shape `U/msb/m/n' will be
(Font)              scaled to size 7.29405pt on input line 261.


LaTeX Warning: No \author given.

LaTeX Font Info:    Try loading font information for TS1+ppl on input line 263.

(/usr/share/texlive/texmf-dist/tex/latex/psnfss/ts1ppl.fd
File: ts1ppl.fd 2001/06/04 font definitions for TS1/ppl.
)
LaTeX Font Info:    Font shape `T1/ppl/bx/n' in size <10.95> not available
(Font)              Font shape `T1/ppl/b/n' tried instead on input line 270.
 [1

{/var/lib/texmf/fonts/map/pdftex/updmap/pdftex.map}]
LaTeX Font Info:    Font shape `T1/ppl/bx/n' in size <14.4> not available
(Font)              Font shape `T1/ppl/b/n' tried instead on input line 278.
LaTeX Font Info:    Font shape `U/msa/m/n' will be
(Font)              scaled to size 11.40997pt on input line 281.
LaTeX Font Info:    Font shape `U/msa/m/n' will be
(Font)              scaled to size 8.33606pt on input line 281.
LaTeX Font Info:    Font shape `U/msa/m/n' will be
(Font)              scaled to size 6.25204pt on input line 281.
LaTeX Font Info:    Font shape `U/msb/m/n' will be
(Font)              scaled to size 11.40997pt on input line 281.
LaTeX Font Info:    Font shape `U/msb/m/n' will be
(Font)              scaled to size 8.33606pt on input line 281.
LaTeX Font Info:    Font shape `U/msb/m/n' will be
(Font)              scaled to size 6.25204pt on input line 281.
 [2]pdfTeX warning (ext4): destination with the same identifier (name{linear-re
gression}) has been already used, duplicate ignored
<to be read again> 
                   \relax 
l.289 ...ear Regression}\label{linear-regression}}
                                                  
LaTeX Font Info:    Font shape `T1/ppl/bx/n' in size <12> not available
(Font)              Font shape `T1/ppl/b/n' tried instead on input line 299.
 [3]pdfTeX warning (ext4): destination with the same identifier (name{linear-re
gression}) has been already used, duplicate ignored
<to be read again> 
                   \relax 
l.308 ...ear Regression}\label{linear-regression}}
                                                  pdfTeX warning (ext4): destin
ation with the same identifier (name{ridge-regression}) has been already used, 
duplicate ignored
<to be read again> 
                   \relax 
l.318 ...idge Regression}\label{ridge-regression}}
                                                   [4]
<output_1_0.png, id=66, 390.45876pt x 283.0575pt>
File: output_1_0.png Graphic file (type png)
<use output_1_0.png>
Package pdftex.def Info: output_1_0.png  used on input line 343.
(pdftex.def)             Requested size: 390.4578pt x 283.0568pt.

Underfull \hbox (badness 10000) in paragraph at lines 345--346

 []

[5 <./output_1_0.png>]pdfTeX warning (ext4): destination with the same identifi
er (name{logistic-regression}) has been already used, duplicate ignored
<to be read again> 
                   \relax 
l.349 ... Regression}\label{logistic-regression2}}
                                                  
File: output_1_0.png Graphic file (type png)
<use output_1_0.png>
Package pdftex.def Info: output_1_0.png  used on input line 355.
(pdftex.def)             Requested size: 390.4578pt x 283.0568pt.

Underfull \hbox (badness 10000) in paragraph at lines 360--361

 []

[6]pdfTeX warning (ext4): destination with the same identifier (name{logistic-r
egression}) has been already used, duplicate ignored
<to be read again> 
                   \relax 
l.364 ... Regression}\label{logistic-regression3}}
                                                  
File: output_1_0.png Graphic file (type png)
<use output_1_0.png>
Package pdftex.def Info: output_1_0.png  used on input line 370.
(pdftex.def)             Requested size: 390.4578pt x 283.0568pt.

Underfull \hbox (badness 10000) in paragraph at lines 378--379

 []

[7]pdfTeX warning (ext4): destination with the same identifier (name{logistic-r
egression}) has been already used, duplicate ignored
<to be read again> 
                   \relax 
l.382 ... Regression}\label{logistic-regression4}}
                                                  
File: output_1_0.png Graphic file (type png)
<use output_1_0.png>
Package pdftex.def Info: output_1_0.png  used on input line 388.
(pdftex.def)             Requested size: 390.4578pt x 283.0568pt.

Underfull \hbox (badness 10000) in paragraph at lines 397--398

 []

[8]pdfTeX warning (ext4): destination with the same identifier (name{logistic-r
egression}) has been already used, duplicate ignored
<to be read again> 
                   \relax 
l.401 ... Regression}\label{logistic-regression5}}
                                                  
File: output_1_0.png Graphic file (type png)
<use output_1_0.png>
Package pdftex.def Info: output_1_0.png  used on input line 407.
(pdftex.def)             Requested size: 390.4578pt x 283.0568pt.

Underfull \hbox (badness 10000) in paragraph at lines 417--418

 []

[9] [10]pdfTeX warning (ext4): destination with the same identifier (name{rando
m-forest-algorithm}) has been already used, duplicate ignored
<to be read again> 
                   \relax 
l.429 ...gorithm}\label{random-forest-algorithm2}}
                                                   [11]pdfTeX warning (ext4): d
estination with the same identifier (name{random-forest-algorithm}) has been al
ready used, duplicate ignored
<to be read again> 
                   \relax 
l.438 ...gorithm}\label{random-forest-algorithm1}}
                                                   [12]pdfTeX warning (ext4): d
estination with the same identifier (name{random-forest-algorithm}) has been al
ready used, duplicate ignored
<to be read again> 
                   \relax 
l.448 ...gorithm}\label{random-forest-algorithm4}}
                                                   [13] [14]pdfTeX warning (ext
4): destination with the same identifier (name{neural-networks}) has been alrea
dy used, duplicate ignored
<to be read again> 
                   \relax 
l.472 ...Neural Networks}\label{neural-networks2}}
                                                   [15]pdfTeX warning (ext4): d
estination with the same identifier (name{neural-networks}) has been already us
ed, duplicate ignored
<to be read again> 
                   \relax 
l.486 ...Neural Networks}\label{neural-networks3}}
                                                   [16]pdfTeX warning (ext4): d
estination with the same identifier (name{neural-networks}) has been already us
ed, duplicate ignored
<to be read again> 
                   \relax 
l.501 ...Neural Networks}\label{neural-networks4}}
                                                   [17]pdfTeX warning (ext4): d
estination with the same identifier (name{neural-networks}) has been already us
ed, duplicate ignored
<to be read again> 
                   \relax 
l.524 ...Neural Networks}\label{neural-networks5}}
                                                   [18] [19]pdfTeX warning (ext
4): destination with the same identifier (name{estimating-the-coupling-constant
-of-the-1d-ising-model}) has been already used, duplicate ignored
<to be read again> 
                   \relax 
l.558 ...oupling-constant-of-the-1d-ising-model2}}
                                                   [20]pdfTeX warning (ext4): d
estination with the same identifier (name{estimating-the-coupling-constant-of-t
he-1d-ising-model}) has been already used, duplicate ignored
<to be read again> 
                   \relax 
l.568 ...oupling-constant-of-the-1d-ising-model3}}
                                                  
<output_6_1.png, id=157, 878.28125pt x 280.04625pt>
File: output_6_1.png Graphic file (type png)
<use output_6_1.png>
Package pdftex.def Info: output_6_1.png  used on input line 570.
(pdftex.def)             Requested size: 878.27911pt x 280.04555pt.

Underfull \hbox (badness 10000) in paragraph at lines 572--573

 []

<output_6_2.png, id=158, 878.28125pt x 280.04625pt>
File: output_6_2.png Graphic file (type png)
<use output_6_2.png>
Package pdftex.def Info: output_6_2.png  used on input line 575.
(pdftex.def)             Requested size: 878.27911pt x 280.04555pt.

Underfull \hbox (badness 10000) in paragraph at lines 577--578

 []

<output_6_3.png, id=159, 878.28125pt x 280.04625pt>
File: output_6_3.png Graphic file (type png)
<use output_6_3.png>
Package pdftex.def Info: output_6_3.png  used on input line 580.
(pdftex.def)             Requested size: 878.27911pt x 280.04555pt.

Underfull \hbox (badness 10000) in paragraph at lines 582--583

 []

[21 <./output_6_1.png> <./output_6_2.png> <./output_6_3.png>]pdfTeX warning (ex
t4): destination with the same identifier (name{estimating-the-coupling-constan
t-of-the-1d-ising-model}) has been already used, duplicate ignored
<to be read again> 
                   \relax 
l.587 ...oupling-constant-of-the-1d-ising-model4}}
                                                  
<output_6_4.png, id=168, 878.28125pt x 280.04625pt>
File: output_6_4.png Graphic file (type png)
<use output_6_4.png>
Package pdftex.def Info: output_6_4.png  used on input line 589.
(pdftex.def)             Requested size: 878.27911pt x 280.04555pt.

Underfull \hbox (badness 10000) in paragraph at lines 591--592

 []

<output_6_5.png, id=169, 878.28125pt x 280.04625pt>
File: output_6_5.png Graphic file (type png)
<use output_6_5.png>
Package pdftex.def Info: output_6_5.png  used on input line 594.
(pdftex.def)             Requested size: 878.27911pt x 280.04555pt.

Underfull \hbox (badness 10000) in paragraph at lines 596--597

 []

<output_6_6.png, id=170, 878.28125pt x 280.04625pt>
File: output_6_6.png Graphic file (type png)
<use output_6_6.png>
Package pdftex.def Info: output_6_6.png  used on input line 599.
(pdftex.def)             Requested size: 878.27911pt x 280.04555pt.

Underfull \hbox (badness 10000) in paragraph at lines 601--602

 []

[22 <./output_6_4.png> <./output_6_5.png> <./output_6_6.png>]pdfTeX warning (ex
t4): destination with the same identifier (name{estimating-the-coupling-constan
t-of-the-1d-ising-model}) has been already used, duplicate ignored
<to be read again> 
                   \relax 
l.606 ...oupling-constant-of-the-1d-ising-model5}}
                                                  
<output_6_7.png, id=179, 878.28125pt x 280.04625pt>
File: output_6_7.png Graphic file (type png)
<use output_6_7.png>
Package pdftex.def Info: output_6_7.png  used on input line 608.
(pdftex.def)             Requested size: 878.27911pt x 280.04555pt.

Underfull \hbox (badness 10000) in paragraph at lines 610--611

 []

<output_6_8.png, id=180, 878.28125pt x 280.04625pt>
File: output_6_8.png Graphic file (type png)
<use output_6_8.png>
Package pdftex.def Info: output_6_8.png  used on input line 613.
(pdftex.def)             Requested size: 878.27911pt x 280.04555pt.

Underfull \hbox (badness 10000) in paragraph at lines 615--616

 []

<output_6_9.png, id=181, 878.28125pt x 280.04625pt>
File: output_6_9.png Graphic file (type png)
<use output_6_9.png>
Package pdftex.def Info: output_6_9.png  used on input line 618.
(pdftex.def)             Requested size: 878.27911pt x 280.04555pt.

Underfull \hbox (badness 10000) in paragraph at lines 620--621

 []

[23 <./output_6_7.png> <./output_6_8.png> <./output_6_9.png>]pdfTeX warning (ex
t4): destination with the same identifier (name{estimating-the-coupling-constan
t-of-the-1d-ising-model}) has been already used, duplicate ignored
<to be read again> 
                   \relax 
l.625 ...oupling-constant-of-the-1d-ising-model6}}
                                                  
<output_6_10.png, id=190, 878.28125pt x 280.04625pt>
File: output_6_10.png Graphic file (type png)
<use output_6_10.png>
Package pdftex.def Info: output_6_10.png  used on input line 627.
(pdftex.def)             Requested size: 878.27911pt x 280.04555pt.

Underfull \hbox (badness 10000) in paragraph at lines 629--630

 []

[24 <./output_6_10.png>]pdfTeX warning (ext4): destination with the same identi
fier (name{estimating-the-coupling-constant-of-the-1d-ising-model}) has been al
ready used, duplicate ignored
<to be read again> 
                   \relax 
l.634 ...oupling-constant-of-the-1d-ising-model7}}
                                                  
<output_8_0.png, id=197, 790.955pt x 390.45876pt>
File: output_8_0.png Graphic file (type png)
<use output_8_0.png>
Package pdftex.def Info: output_8_0.png  used on input line 636.
(pdftex.def)             Requested size: 790.95308pt x 390.4578pt.

Underfull \hbox (badness 10000) in paragraph at lines 638--639

 []

[25 <./output_8_0.png>]
<output_11_2.png, id=205, 837.1275pt x 272.01625pt>
File: output_11_2.png Graphic file (type png)
<use output_11_2.png>
Package pdftex.def Info: output_11_2.png  used on input line 646.
(pdftex.def)             Requested size: 837.12546pt x 272.01558pt.

Underfull \hbox (badness 10000) in paragraph at lines 648--649

 []

[26 <./output_11_2.png>]pdfTeX warning (ext4): destination with the same identi
fier (name{determine-the-phase-of-the-two-dimensional-ising-model}) has been al
ready used, duplicate ignored
<to be read again> 
                   \relax 
l.653 ...ase-of-the-two-dimensional-ising-model2}}
                                                  
File: output_11_2.png Graphic file (type png)
<use output_11_2.png>
Package pdftex.def Info: output_11_2.png  used on input line 656.
(pdftex.def)             Requested size: 837.12546pt x 272.01558pt.

Underfull \hbox (badness 10000) in paragraph at lines 658--659

 []

<output_14_0.png, id=213, 557.08125pt x 276.03125pt>
File: output_14_0.png Graphic file (type png)
<use output_14_0.png>
Package pdftex.def Info: output_14_0.png  used on input line 661.
(pdftex.def)             Requested size: 557.0799pt x 276.03056pt.

Underfull \hbox (badness 10000) in paragraph at lines 663--664

 []

[27 <./output_14_0.png>]pdfTeX warning (ext4): destination with the same identi
fier (name{determine-the-phase-of-the-two-dimensional-ising-model}) has been al
ready used, duplicate ignored
<to be read again> 
                   \relax 
l.668 ...ase-of-the-two-dimensional-ising-model4}}
                                                  
<output_16_0.png, id=220, 952.55875pt x 453.695pt>
File: output_16_0.png Graphic file (type png)
<use output_16_0.png>
Package pdftex.def Info: output_16_0.png  used on input line 671.
(pdftex.def)             Requested size: 952.55643pt x 453.6939pt.

Underfull \hbox (badness 10000) in paragraph at lines 673--674

 []

[28 <./output_16_0.png>]
<output_21_0.png, id=227, 630.355pt x 273.02pt>
File: output_21_0.png Graphic file (type png)
<use output_21_0.png>
Package pdftex.def Info: output_21_0.png  used on input line 681.
(pdftex.def)             Requested size: 630.35345pt x 273.01933pt.

Underfull \hbox (badness 10000) in paragraph at lines 683--684

 []

[29 <./output_21_0.png>]pdfTeX warning (ext4): destination with the same identi
fier (name{using-random-forest-to-classify-phases-in-the-ising-model}) has been
 already used, duplicate ignored
<to be read again> 
                   \relax 
l.688 ...-to-classify-phases-in-the-ising-model2}}
                                                  
File: output_21_0.png Graphic file (type png)
<use output_21_0.png>
Package pdftex.def Info: output_21_0.png  used on input line 691.
(pdftex.def)             Requested size: 630.35345pt x 273.01933pt.

Underfull \hbox (badness 10000) in paragraph at lines 693--694

 []

<output_23_0.png, id=234, 618.31pt x 325.215pt>
File: output_23_0.png Graphic file (type png)
<use output_23_0.png>
Package pdftex.def Info: output_23_0.png  used on input line 696.
(pdftex.def)             Requested size: 618.30849pt x 325.2142pt.

Underfull \hbox (badness 10000) in paragraph at lines 698--699

 []

[30 <./output_23_0.png>]pdfTeX warning (ext4): destination with the same identi
fier (name{using-random-forest-to-classify-phases-in-the-ising-model}) has been
 already used, duplicate ignored
<to be read again> 
                   \relax 
l.703 ...-to-classify-phases-in-the-ising-model3}}
                                                  
<output_26_0.png, id=240, 630.355pt x 273.02pt>
File: output_26_0.png Graphic file (type png)
<use output_26_0.png>
Package pdftex.def Info: output_26_0.png  used on input line 705.
(pdftex.def)             Requested size: 630.35345pt x 273.01933pt.

Underfull \hbox (badness 10000) in paragraph at lines 707--708

 []

[31 <./output_26_0.png>]pdfTeX warning (ext4): destination with the same identi
fier (name{using-random-forest-to-classify-phases-in-the-ising-model}) has been
 already used, duplicate ignored
<to be read again> 
                   \relax 
l.712 ...-to-classify-phases-in-the-ising-model4}}
                                                  
File: output_26_0.png Graphic file (type png)
<use output_26_0.png>
Package pdftex.def Info: output_26_0.png  used on input line 714.
(pdftex.def)             Requested size: 630.35345pt x 273.01933pt.

Underfull \hbox (badness 10000) in paragraph at lines 716--717

 []

<output_27_0.png, id=247, 618.31pt x 325.215pt>
File: output_27_0.png Graphic file (type png)
<use output_27_0.png>
Package pdftex.def Info: output_27_0.png  used on input line 719.
(pdftex.def)             Requested size: 618.30849pt x 325.2142pt.

Underfull \hbox (badness 10000) in paragraph at lines 721--722

 []

[32 <./output_27_0.png>]
<output_37_2.png, id=253, 407.5225pt x 281.05pt>
File: output_37_2.png Graphic file (type png)
<use output_37_2.png>
Package pdftex.def Info: output_37_2.png  used on input line 729.
(pdftex.def)             Requested size: 407.5215pt x 281.0493pt.
<output_37_3.png, id=254, 407.5225pt x 281.05pt>
File: output_37_3.png Graphic file (type png)
<use output_37_3.png>
Package pdftex.def Info: output_37_3.png  used on input line 733.
(pdftex.def)             Requested size: 407.5215pt x 281.0493pt.

Underfull \hbox (badness 10000) in paragraph at lines 735--736

 []

<output_37_4.png, id=255, 407.5225pt x 281.05pt>
File: output_37_4.png Graphic file (type png)
<use output_37_4.png>
Package pdftex.def Info: output_37_4.png  used on input line 738.
(pdftex.def)             Requested size: 407.5215pt x 281.0493pt.

Underfull \hbox (badness 10000) in paragraph at lines 740--741

 []

[33 <./output_37_2.png> <./output_37_3.png> <./output_37_4.png>]pdfTeX warning 
(ext4): destination with the same identifier (name{classifying-the-ising-model-
phase-using-neural-networks}) has been already used, duplicate ignored
<to be read again> 
                   \relax 
l.745 ...sing-model-phase-using-neural-networks2}}
                                                  
<output_38_2.png, id=264, 407.5225pt x 281.05pt>
File: output_38_2.png Graphic file (type png)
<use output_38_2.png>
Package pdftex.def Info: output_38_2.png  used on input line 748.
(pdftex.def)             Requested size: 407.5215pt x 281.0493pt.
<output_38_3.png, id=265, 407.5225pt x 281.05pt>
File: output_38_3.png Graphic file (type png)
<use output_38_3.png>
Package pdftex.def Info: output_38_3.png  used on input line 752.
(pdftex.def)             Requested size: 407.5215pt x 281.0493pt.

Underfull \hbox (badness 10000) in paragraph at lines 754--755

 []

<output_38_4.png, id=266, 407.5225pt x 281.05pt>
File: output_38_4.png Graphic file (type png)
<use output_38_4.png>
Package pdftex.def Info: output_38_4.png  used on input line 757.
(pdftex.def)             Requested size: 407.5215pt x 281.0493pt.

Underfull \hbox (badness 10000) in paragraph at lines 759--760

 []

Package atveryend Info: Empty hook `BeforeClearDocument' on input line 761.
[34 <./output_38_2.png> <./output_38_3.png> <./output_38_4.png>]
Package atveryend Info: Empty hook `AfterLastShipout' on input line 761.

(./Project_on_Machine_Learning.tex.aux)
Package atveryend Info: Executing hook `AtVeryEndDocument' on input line 761.
Package atveryend Info: Executing hook `AtEndAfterFileList' on input line 761.
Package rerunfilecheck Info: File `./Project_on_Machine_Learning.tex.out' has n
ot changed.
(rerunfilecheck)             Checksum: 0D0C3E10DD3B7A2EF2724DF81310076D;608.


LaTeX Warning: There were multiply-defined labels.

Package atveryend Info: Empty hook `AtVeryVeryEnd' on input line 761.
 ) 
Here is how much of TeX's memory you used:
 11088 strings out of 493724
 166586 string characters out of 6151529
 267991 words of memory out of 5000000
 14282 multiletter control sequences out of 15000+600000
 48189 words of font info for 117 fonts, out of 8000000 for 9000
 667 hyphenation exceptions out of 8191
 36i,10n,38p,427b,318s stack positions out of 5000i,500n,10000p,200000b,80000s
{/usr/share/texlive/texmf-dist/fonts/enc/dvips/base/8r.enc}</usr/share/texliv
e/texmf-dist/fonts/type1/public/amsfonts/cm/cmex10.pfb></usr/share/texlive/texm
f-dist/fonts/type1/public/amsfonts/cm/cmr10.pfb></usr/share/texlive/texmf-dist/
fonts/type1/public/amsfonts/cm/cmsy10.pfb></usr/share/texlive/texmf-dist/fonts/
type1/public/mathpazo/fplmbi.pfb></usr/share/texlive/texmf-dist/fonts/type1/pub
lic/mathpazo/fplmr.pfb></usr/share/texlive/texmf-dist/fonts/type1/public/mathpa
zo/fplmri.pfb></usr/share/texlive/texmf-dist/fonts/type1/urw/palatino/uplb8a.pf
b></usr/share/texlive/texmf-dist/fonts/type1/urw/palatino/uplbi8a.pfb></usr/sha
re/texlive/texmf-dist/fonts/type1/urw/palatino/uplr8a.pfb></usr/share/texlive/t
exmf-dist/fonts/type1/urw/palatino/uplri8a.pfb>
Output written on ./Project_on_Machine_Learning.tex.pdf (34 pages, 658157 bytes
).
PDF statistics:
 329 PDF objects out of 1000 (max. 8388607)
 230 compressed objects within 3 object streams
 81 named destinations out of 1000 (max. 500000)
 174 words of extra memory for PDF output out of 10000 (max. 10000000)

